SF:lib/styles/formatter.dart
DA:4,1
DA:9,1
DA:11,1
DA:14,0
DA:15,0
DA:17,0
DA:18,0
DA:20,0
LF:8
LH:3
end_of_record
SF:lib/main.dart
DA:15,0
DA:16,0
DA:17,0
DA:20,0
DA:25,0
DA:34,0
DA:36,0
DA:39,0
DA:40,0
DA:43,0
DA:47,2
DA:49,1
DA:56,1
DA:58,1
DA:62,1
DA:65,1
DA:67,1
DA:71,1
DA:73,1
DA:74,1
LF:20
LH:10
end_of_record
SF:lib/constants/dummy_data.dart
DA:6,0
DA:10,0
LF:2
LH:0
end_of_record
SF:lib/enum/payment_channel.dart
DA:8,0
DA:10,0
DA:12,0
DA:14,0
LF:4
LH:0
end_of_record
SF:lib/models/plaid/transaction.dart
DA:21,0
DA:259,0
DA:260,0
DA:262,0
DA:264,0
DA:266,0
DA:268,0
DA:269,0
DA:271,0
DA:273,0
DA:274,0
DA:275,0
DA:276,0
DA:278,0
DA:279,0
DA:280,0
DA:281,0
DA:282,0
DA:283,0
DA:284,0
DA:285,0
DA:287,0
DA:289,0
DA:291,0
DA:292,0
DA:294,0
DA:295,0
DA:297,0
DA:298,0
DA:301,0
DA:303,0
DA:304,0
DA:305,0
DA:307,0
DA:308,0
DA:309,0
DA:310,0
DA:312,0
DA:313,0
DA:314,0
DA:316,0
DA:348,0
DA:349,0
DA:350,0
DA:351,0
DA:352,0
DA:353,0
DA:354,0
DA:355,0
DA:356,0
DA:357,0
DA:358,0
DA:359,0
DA:360,0
DA:361,0
DA:362,0
DA:363,0
DA:364,0
DA:365,0
DA:366,0
DA:367,0
DA:368,0
DA:369,0
DA:370,0
DA:371,0
DA:372,0
DA:373,0
DA:374,0
DA:375,0
DA:376,0
DA:377,0
DA:381,0
DA:411,0
DA:412,0
DA:413,0
DA:414,0
DA:415,0
DA:416,0
DA:417,0
DA:418,0
DA:419,0
DA:420,0
DA:421,0
DA:422,0
DA:424,0
DA:425,0
DA:426,0
DA:427,0
DA:428,0
DA:429,0
DA:430,0
DA:431,0
DA:432,0
DA:433,0
DA:434,0
DA:436,0
DA:437,0
DA:438,0
DA:439,0
DA:440,0
DA:441,0
DA:445,0
DA:447,0
DA:448,0
DA:450,0
DA:452,0
DA:455,0
DA:459,0
DA:460,0
DA:461,0
DA:462,0
DA:463,0
DA:464,0
DA:465,0
DA:466,0
DA:467,0
DA:468,0
DA:469,0
DA:470,0
DA:471,0
DA:472,0
DA:473,0
DA:474,0
DA:475,0
DA:476,0
DA:477,0
DA:478,0
DA:479,0
DA:480,0
DA:481,0
DA:482,0
DA:483,0
DA:484,0
DA:485,0
DA:486,0
DA:487,0
DA:490,0
DA:492,0
DA:493,0
DA:494,0
DA:495,0
DA:496,0
DA:497,0
DA:498,0
DA:499,0
DA:500,0
DA:501,0
DA:502,0
DA:503,0
DA:504,0
DA:505,0
DA:506,0
DA:507,0
DA:508,0
DA:509,0
DA:510,0
DA:511,0
DA:512,0
DA:513,0
DA:514,0
DA:515,0
DA:516,0
DA:517,0
DA:518,0
DA:519,0
LF:165
LH:0
end_of_record
SF:lib/models/transaction_item.dart
DA:8,1
DA:26,0
DA:35,0
DA:36,0
DA:37,0
DA:38,0
DA:39,0
DA:40,0
DA:41,0
DA:42,0
DA:46,0
DA:47,0
DA:48,0
DA:49,0
DA:50,0
DA:51,0
DA:52,0
DA:53,0
DA:54,0
DA:58,0
DA:59,0
DA:60,0
DA:61,0
DA:62,0
DA:64,0
DA:65,0
DA:66,0
DA:68,0
DA:79,0
DA:81,0
DA:82,0
DA:84,0
DA:86,0
DA:89,0
DA:93,0
DA:94,0
DA:95,0
DA:96,0
DA:97,0
DA:98,0
DA:99,0
DA:100,0
DA:103,0
DA:105,0
DA:106,0
DA:107,0
DA:108,0
DA:109,0
DA:110,0
DA:111,0
LF:50
LH:1
end_of_record
SF:lib/enum/account_subtype.dart
DA:79,0
DA:81,0
DA:83,0
DA:85,0
DA:87,0
DA:89,0
DA:91,0
DA:95,0
DA:101,0
DA:103,0
DA:105,0
DA:107,0
DA:109,0
DA:111,0
DA:113,0
DA:115,0
DA:117,0
DA:119,0
DA:121,0
DA:122,0
DA:123,0
DA:124,0
DA:125,0
DA:126,0
DA:127,0
DA:128,0
DA:129,0
DA:130,0
DA:131,0
DA:132,0
DA:133,0
DA:134,0
DA:135,0
DA:137,0
LF:34
LH:0
end_of_record
SF:lib/extensions/enum_extension.dart
DA:3,0
DA:5,0
DA:6,0
DA:8,0
DA:9,0
DA:11,0
DA:13,0
LF:7
LH:0
end_of_record
SF:lib/enum/account_type.dart
DA:13,0
DA:15,0
DA:17,0
DA:19,0
DA:21,0
DA:23,0
DA:25,0
DA:32,0
DA:34,0
DA:36,0
DA:38,0
DA:40,0
DA:42,0
DA:44,0
LF:14
LH:0
end_of_record
SF:lib/enum/plaid_institution_health_incident_status.dart
DA:11,0
DA:13,0
DA:15,0
DA:17,0
DA:19,0
DA:21,0
DA:23,0
LF:7
LH:0
end_of_record
SF:lib/enum/plaid_institution_refresh_interval.dart
DA:9,0
DA:11,0
DA:13,0
DA:15,0
DA:17,0
LF:5
LH:0
end_of_record
SF:lib/enum/plaid_product.dart
DA:21,0
DA:23,0
DA:25,0
DA:27,0
DA:29,0
DA:31,0
DA:33,0
DA:35,0
DA:37,0
DA:39,0
DA:41,0
DA:43,0
DA:45,0
DA:47,0
DA:49,0
DA:51,0
DA:53,0
LF:17
LH:0
end_of_record
SF:lib/enum/standing_order_interval.dart
DA:7,0
DA:9,0
DA:11,0
LF:3
LH:0
end_of_record
SF:lib/extensions/datetime_extension.dart
DA:2,0
DA:3,0
DA:4,0
DA:6,0
DA:7,0
DA:8,0
DA:9,0
DA:10,0
DA:11,0
DA:12,0
DA:13,0
LF:11
LH:0
end_of_record
SF:lib/extensions/string_extension.dart
DA:9,0
DA:10,0
DA:11,0
DA:12,0
DA:15,0
DA:18,0
DA:19,0
DA:20,0
DA:21,0
DA:22,0
DA:25,0
DA:26,0
DA:27,0
DA:28,0
DA:32,0
DA:33,0
DA:35,0
DA:39,0
DA:40,0
DA:45,0
DA:47,0
DA:49,0
DA:51,0
DA:53,0
DA:55,0
DA:57,0
DA:59,0
DA:61,0
DA:63,0
DA:65,0
DA:67,0
DA:69,0
DA:71,0
DA:73,0
DA:75,0
DA:84,0
DA:86,0
DA:88,0
DA:90,0
DA:99,0
DA:101,0
DA:103,0
DA:105,0
DA:107,0
DA:109,0
DA:118,0
DA:120,0
DA:122,0
DA:131,0
DA:133,0
DA:135,0
DA:137,0
DA:139,0
DA:141,0
DA:143,0
DA:146,0
LF:56
LH:0
end_of_record
SF:lib/extensions/list_extension.dart
DA:2,0
DA:5,0
DA:6,0
LF:3
LH:0
end_of_record
SF:lib/extensions/text_element_extension.dart
DA:4,0
DA:5,0
DA:6,0
DA:7,0
LF:4
LH:0
end_of_record
SF:lib/firebase_options.dart
DA:18,0
DA:22,0
DA:23,0
DA:25,0
DA:27,0
DA:29,0
DA:30,0
DA:34,0
DA:35,0
DA:40,0
LF:10
LH:0
end_of_record
SF:lib/routes/build_router.dart
DA:10,1
DA:11,1
DA:12,1
DA:13,1
DA:14,1
DA:15,1
DA:16,2
DA:18,3
DA:21,0
DA:25,0
DA:26,0
DA:28,0
DA:29,0
DA:32,0
DA:37,2
LF:15
LH:9
end_of_record
SF:lib/services/logger_init.dart
DA:3,3
DA:4,1
DA:9,1
DA:21,0
DA:23,0
DA:26,1
DA:27,1
DA:29,1
LF:8
LH:6
end_of_record
SF:lib/models/merchant.dart
DA:8,0
DA:18,0
DA:23,0
DA:24,0
DA:25,0
DA:26,0
DA:30,0
DA:31,0
DA:32,0
DA:33,0
DA:34,0
DA:38,0
DA:39,0
DA:40,0
DA:41,0
DA:42,0
DA:43,0
DA:48,0
DA:50,0
DA:51,0
DA:53,0
DA:55,0
DA:57,0
DA:61,0
DA:62,0
DA:63,0
DA:64,0
DA:67,0
DA:68,0
LF:29
LH:0
end_of_record
SF:lib/models/product.dart
DA:4,0
DA:22,0
DA:31,0
DA:32,0
DA:33,0
DA:34,0
DA:35,0
DA:36,0
DA:37,0
DA:38,0
DA:42,0
DA:43,0
DA:44,0
DA:45,0
DA:46,0
DA:47,0
DA:48,0
DA:49,0
DA:50,0
DA:54,0
DA:55,0
DA:56,0
DA:57,0
DA:58,0
DA:59,0
DA:60,0
DA:61,0
DA:62,0
DA:66,0
DA:68,0
DA:69,0
DA:71,0
DA:73,0
DA:76,0
DA:80,0
DA:81,0
DA:82,0
DA:83,0
DA:84,0
DA:85,0
DA:86,0
DA:87,0
DA:90,0
DA:92,0
DA:93,0
DA:94,0
DA:95,0
DA:96,0
DA:97,0
DA:98,0
LF:50
LH:0
end_of_record
SF:lib/models/plaid/account.dart
DA:17,0
DA:145,0
DA:158,0
DA:159,0
DA:160,0
DA:161,0
DA:162,0
DA:163,0
DA:164,0
DA:165,0
DA:166,0
DA:168,0
DA:169,0
DA:171,0
DA:175,0
DA:176,0
DA:177,0
DA:178,0
DA:179,0
DA:180,0
DA:181,0
DA:182,0
DA:183,0
DA:184,0
DA:185,0
DA:186,0
DA:187,0
DA:191,0
DA:192,0
DA:193,0
DA:194,0
DA:195,0
DA:196,0
DA:197,0
DA:198,0
DA:199,0
DA:201,0
DA:203,0
DA:204,0
DA:206,0
DA:208,0
DA:209,0
DA:211,0
DA:226,0
DA:228,0
DA:229,0
DA:232,0
DA:234,0
DA:237,0
DA:241,0
DA:242,0
DA:243,0
DA:244,0
DA:245,0
DA:246,0
DA:247,0
DA:248,0
DA:249,0
DA:250,0
DA:251,0
DA:252,0
DA:255,0
DA:257,0
DA:258,0
DA:259,0
DA:260,0
DA:261,0
DA:262,0
DA:263,0
DA:264,0
DA:265,0
DA:266,0
DA:267,0
LF:73
LH:0
end_of_record
SF:lib/models/plaid/balance.dart
DA:7,0
DA:101,0
DA:109,0
DA:110,0
DA:111,0
DA:112,0
DA:113,0
DA:115,0
DA:116,0
DA:120,0
DA:121,0
DA:122,0
DA:123,0
DA:124,0
DA:125,0
DA:126,0
DA:127,0
DA:131,0
DA:132,0
DA:133,0
DA:134,0
DA:135,0
DA:136,0
DA:137,0
DA:139,0
DA:149,0
DA:151,0
DA:152,0
DA:154,0
DA:156,0
DA:159,0
DA:163,0
DA:164,0
DA:165,0
DA:166,0
DA:167,0
DA:168,0
DA:169,0
DA:172,0
DA:174,0
DA:175,0
DA:176,0
DA:177,0
DA:178,0
DA:179,0
LF:45
LH:0
end_of_record
SF:lib/models/plaid/accounts_institution.dart
DA:9,0
DA:17,0
DA:21,0
DA:22,0
DA:23,0
DA:27,0
DA:28,0
DA:29,0
DA:30,0
DA:34,0
DA:35,0
DA:36,0
DA:37,0
DA:40,0
DA:44,0
DA:46,0
DA:47,0
DA:49,0
DA:51,0
DA:53,0
DA:57,0
DA:58,0
DA:59,0
DA:62,0
DA:63,0
LF:25
LH:0
end_of_record
SF:lib/models/plaid/institution/institution.dart
DA:13,0
DA:93,0
DA:107,0
DA:108,0
DA:109,0
DA:110,0
DA:111,0
DA:112,0
DA:113,0
DA:114,0
DA:115,0
DA:116,0
DA:117,0
DA:119,0
DA:120,0
DA:124,0
DA:125,0
DA:126,0
DA:127,0
DA:128,0
DA:129,0
DA:130,0
DA:131,0
DA:132,0
DA:133,0
DA:134,0
DA:135,0
DA:136,0
DA:137,0
DA:141,0
DA:142,0
DA:143,0
DA:144,0
DA:145,0
DA:146,0
DA:147,0
DA:148,0
DA:149,0
DA:150,0
DA:151,0
DA:152,0
DA:153,0
DA:154,0
DA:156,0
DA:157,0
DA:158,0
DA:160,0
DA:161,0
DA:166,0
DA:168,0
DA:169,0
DA:171,0
DA:173,0
DA:176,0
DA:180,0
DA:181,0
DA:182,0
DA:183,0
DA:184,0
DA:185,0
DA:186,0
DA:187,0
DA:188,0
DA:189,0
DA:190,0
DA:191,0
DA:192,0
DA:195,0
DA:197,0
DA:198,0
DA:199,0
DA:200,0
DA:201,0
DA:202,0
DA:203,0
DA:204,0
DA:205,0
DA:206,0
DA:207,0
DA:208,0
LF:80
LH:0
end_of_record
SF:lib/models/plaid/institution/auth_metadata.dart
DA:8,0
DA:16,0
DA:19,0
DA:20,0
DA:24,0
DA:25,0
DA:26,0
DA:30,0
DA:31,0
DA:32,0
DA:33,0
DA:38,0
DA:40,0
DA:41,0
DA:43,0
DA:44,0
DA:46,0
DA:50,0
DA:53,0
DA:54,0
LF:20
LH:0
end_of_record
SF:lib/models/plaid/institution/supported_methods.dart
DA:5,0
DA:20,0
DA:25,0
DA:26,0
DA:27,0
DA:29,0
DA:33,0
DA:34,0
DA:35,0
DA:36,0
DA:37,0
DA:41,0
DA:42,0
DA:43,0
DA:44,0
DA:45,0
DA:49,0
DA:51,0
DA:52,0
DA:54,0
DA:56,0
DA:58,0
DA:62,0
DA:63,0
DA:64,0
DA:65,0
DA:68,0
DA:70,0
DA:71,0
DA:72,0
LF:30
LH:0
end_of_record
SF:lib/models/plaid/institution/payment_initiation_metadata.dart
DA:10,0
DA:35,0
DA:41,0
DA:43,0
DA:44,0
DA:46,0
DA:48,0
DA:52,0
DA:53,0
DA:54,0
DA:55,0
DA:56,0
DA:57,0
DA:61,0
DA:62,0
DA:64,0
DA:66,0
DA:67,0
DA:68,0
DA:69,0
DA:74,0
DA:76,0
DA:77,0
DA:79,0
DA:81,0
DA:84,0
DA:88,0
DA:89,0
DA:90,0
DA:91,0
DA:92,0
DA:95,0
DA:97,0
DA:98,0
DA:99,0
DA:100,0
LF:36
LH:0
end_of_record
SF:lib/models/plaid/institution/plaid_institution_status.dart
DA:19,0
DA:82,0
DA:93,0
DA:94,0
DA:95,0
DA:96,0
DA:97,0
DA:98,0
DA:99,0
DA:100,0
DA:101,0
DA:102,0
DA:106,0
DA:107,0
DA:108,0
DA:109,0
DA:110,0
DA:111,0
DA:112,0
DA:113,0
DA:114,0
DA:115,0
DA:116,0
DA:120,0
DA:121,0
DA:122,0
DA:123,0
DA:124,0
DA:125,0
DA:126,0
DA:127,0
DA:128,0
DA:129,0
DA:130,0
DA:131,0
DA:136,0
DA:138,0
DA:139,0
DA:141,0
DA:143,0
DA:146,0
DA:150,0
DA:151,0
DA:152,0
DA:153,0
DA:154,0
DA:155,0
DA:156,0
DA:157,0
DA:158,0
DA:159,0
DA:162,0
DA:164,0
DA:165,0
DA:166,0
DA:167,0
DA:168,0
DA:169,0
DA:170,0
DA:171,0
DA:172,0
LF:61
LH:0
end_of_record
SF:lib/models/plaid/institution/standing_order_metadata.dart
DA:10,0
DA:31,0
DA:36,0
DA:38,0
DA:41,0
DA:43,0
DA:47,0
DA:48,0
DA:49,0
DA:51,0
DA:53,0
DA:57,0
DA:58,0
DA:60,0
DA:62,0
DA:63,0
DA:64,0
DA:65,0
DA:69,0
DA:71,0
DA:72,0
DA:74,0
DA:76,0
DA:78,0
DA:82,0
DA:83,0
DA:84,0
DA:85,0
DA:86,0
DA:87,0
DA:90,0
DA:92,0
DA:93,0
DA:94,0
LF:34
LH:0
end_of_record
SF:lib/models/plaid/institution/plaid_institution_health_incidents.dart
DA:9,0
DA:29,0
DA:35,0
DA:36,0
DA:37,0
DA:38,0
DA:39,0
DA:43,0
DA:44,0
DA:45,0
DA:46,0
DA:47,0
DA:48,0
DA:52,0
DA:53,0
DA:54,0
DA:55,0
DA:56,0
DA:58,0
DA:62,0
DA:64,0
DA:65,0
DA:67,0
DA:69,0
DA:72,0
DA:76,0
DA:77,0
DA:78,0
DA:79,0
DA:80,0
DA:83,0
DA:85,0
DA:86,0
DA:87,0
DA:88,0
LF:35
LH:0
end_of_record
SF:lib/models/plaid/institution/plaid_institution_incident_updates.dart
DA:9,0
DA:25,0
DA:30,0
DA:31,0
DA:32,0
DA:33,0
DA:37,0
DA:38,0
DA:39,0
DA:40,0
DA:41,0
DA:45,0
DA:46,0
DA:47,0
DA:48,0
DA:49,0
DA:53,0
DA:55,0
DA:56,0
DA:58,0
DA:60,0
DA:62,0
DA:66,0
DA:67,0
DA:68,0
DA:69,0
DA:72,0
DA:74,0
LF:28
LH:0
end_of_record
SF:lib/models/plaid/institution/plaid_item_status.dart
DA:13,0
DA:26,0
DA:30,0
DA:31,0
DA:32,0
DA:36,0
DA:37,0
DA:38,0
DA:39,0
DA:43,0
DA:44,0
DA:46,0
DA:47,0
DA:51,0
DA:53,0
DA:54,0
DA:56,0
DA:58,0
DA:60,0
DA:64,0
DA:65,0
DA:66,0
DA:69,0
DA:70,0
LF:24
LH:0
end_of_record
SF:lib/models/plaid/institution/plaid_status_breakdown.dart
DA:6,0
DA:31,0
DA:37,0
DA:38,0
DA:39,0
DA:40,0
DA:41,0
DA:45,0
DA:46,0
DA:47,0
DA:48,0
DA:49,0
DA:50,0
DA:54,0
DA:55,0
DA:56,0
DA:57,0
DA:58,0
DA:59,0
DA:63,0
DA:65,0
DA:66,0
DA:68,0
DA:70,0
DA:73,0
DA:77,0
DA:78,0
DA:79,0
DA:80,0
DA:81,0
DA:84,0
DA:86,0
DA:87,0
DA:88,0
DA:89,0
LF:35
LH:0
end_of_record
SF:lib/models/plaid/payment_meta.dart
DA:43,0
DA:44,0
LF:2
LH:0
end_of_record
SF:lib/models/plaid/payment_meta.g.dart
DA:9,0
DA:10,0
DA:11,0
DA:12,0
DA:13,0
DA:14,0
DA:15,0
DA:16,0
DA:17,0
DA:18,0
DA:21,0
DA:22,0
DA:23,0
DA:24,0
DA:25,0
DA:26,0
DA:27,0
DA:28,0
DA:29,0
DA:30,0
LF:20
LH:0
end_of_record
SF:lib/models/plaid/personal_finance_category.dart
DA:22,0
DA:23,0
LF:2
LH:0
end_of_record
SF:lib/models/plaid/personal_finance_category.g.dart
DA:9,0
DA:11,0
DA:12,0
DA:13,0
DA:16,0
DA:18,0
DA:19,0
DA:20,0
LF:8
LH:0
end_of_record
SF:lib/models/plaid/plaid_location.dart
DA:37,0
DA:38,0
LF:2
LH:0
end_of_record
SF:lib/models/plaid/plaid_location.g.dart
DA:9,0
DA:10,0
DA:11,0
DA:12,0
DA:13,0
DA:14,0
DA:15,0
DA:16,0
DA:17,0
DA:18,0
DA:21,0
DA:22,0
DA:23,0
DA:24,0
DA:25,0
DA:26,0
DA:27,0
DA:28,0
DA:29,0
DA:30,0
LF:20
LH:0
end_of_record
SF:lib/models/receipt_response.dart
DA:8,0
DA:16,0
DA:20,0
DA:21,0
DA:22,0
DA:26,0
DA:27,0
DA:28,0
DA:29,0
DA:30,0
DA:33,0
DA:37,0
DA:38,0
DA:39,0
DA:40,0
DA:44,0
DA:46,0
DA:47,0
DA:49,0
DA:51,0
DA:53,0
DA:57,0
DA:58,0
DA:59,0
DA:62,0
DA:63,0
LF:26
LH:0
end_of_record
SF:lib/models/user.dart
DA:6,0
DA:14,0
DA:18,0
DA:19,0
DA:20,0
DA:24,0
DA:25,0
DA:26,0
DA:27,0
DA:31,0
DA:32,0
DA:33,0
DA:35,0
DA:37,0
DA:43,0
DA:45,0
DA:47,0
DA:48,0
DA:50,0
DA:54,0
DA:55,0
DA:56,0
DA:59,0
DA:60,0
LF:24
LH:0
end_of_record
SF:lib/providers.dart
DA:28,3
DA:29,2
DA:33,3
DA:34,4
DA:39,0
DA:40,0
DA:41,0
DA:43,0
DA:47,0
DA:48,0
DA:49,0
DA:50,0
DA:52,0
DA:54,0
DA:59,0
DA:60,0
DA:65,0
DA:66,0
DA:68,0
DA:71,0
DA:72,0
DA:77,0
DA:78,0
DA:83,0
DA:84,0
DA:85,0
DA:86,0
DA:88,0
DA:92,0
DA:93,0
DA:94,0
DA:96,0
DA:100,0
DA:101,0
DA:102,0
DA:103,0
DA:105,0
DA:109,0
DA:110,0
DA:111,0
DA:112,0
DA:114,0
DA:118,0
DA:119,0
DA:120,0
DA:121,0
DA:123,0
DA:127,0
DA:128,0
DA:129,0
DA:130,0
DA:132,0
DA:138,0
DA:140,0
DA:141,0
DA:142,0
DA:144,0
DA:153,0
DA:154,0
DA:155,0
DA:157,0
DA:162,0
DA:163,0
DA:164,0
DA:165,0
DA:167,0
DA:173,0
DA:174,0
DA:175,0
DA:176,0
DA:178,0
DA:184,0
DA:185,0
DA:186,0
DA:188,0
DA:193,0
DA:194,0
DA:195,0
DA:196,0
DA:197,0
DA:199,0
DA:208,3
DA:209,2
DA:210,2
DA:216,0
DA:217,0
DA:218,0
DA:220,0
DA:228,0
DA:229,0
DA:230,0
DA:231,0
DA:232,0
DA:233,0
DA:234,0
DA:238,0
DA:239,0
LF:97
LH:7
end_of_record
SF:lib/services/widget_visibility.dart
DA:6,0
DA:8,0
DA:9,0
DA:10,0
DA:13,0
DA:14,0
DA:17,0
DA:18,0
LF:8
LH:0
end_of_record
SF:lib/view_models/account_detail_model.dart
DA:13,0
DA:21,0
DA:23,0
DA:25,0
DA:26,0
DA:28,0
DA:29,0
DA:30,0
DA:33,0
DA:38,0
DA:39,0
DA:42,0
DA:43,0
DA:46,0
DA:47,0
DA:50,0
DA:56,0
DA:57,0
DA:58,0
DA:64,0
DA:70,0
LF:21
LH:0
end_of_record
SF:lib/view_models/choose_merchant_for_transaction_model.dart
DA:7,0
DA:11,0
DA:17,0
DA:18,0
DA:19,0
DA:20,0
DA:26,0
DA:27,0
DA:28,0
DA:31,0
DA:32,0
DA:33,0
DA:34,0
DA:37,0
DA:38,0
DA:39,0
DA:41,0
DA:42,0
DA:43,0
DA:47,0
DA:48,0
DA:52,0
LF:22
LH:0
end_of_record
SF:lib/view_models/connect_plaid_model.dart
DA:7,0
DA:13,0
DA:16,0
DA:17,0
DA:18,0
DA:21,0
DA:22,0
DA:25,0
DA:26,0
DA:29,0
DA:30,0
DA:32,0
DA:34,0
DA:38,0
DA:53,0
DA:55,0
DA:68,0
DA:69,0
DA:71,0
DA:72,0
DA:75,0
DA:77,0
DA:80,0
DA:81,0
DA:82,0
DA:86,0
DA:87,0
DA:89,0
DA:90,0
DA:93,0
LF:30
LH:0
end_of_record
SF:lib/view_models/home_model.dart
DA:11,0
DA:19,0
DA:20,0
DA:21,0
DA:23,0
DA:26,0
DA:28,0
DA:30,0
DA:31,0
DA:34,0
DA:35,0
DA:37,0
DA:38,0
DA:44,0
DA:46,0
DA:48,0
LF:16
LH:0
end_of_record
SF:lib/view_models/linked_accounts_model.dart
DA:7,0
DA:15,0
DA:17,0
DA:18,0
DA:20,0
DA:21,0
DA:27,0
DA:28,0
LF:8
LH:0
end_of_record
SF:lib/view_models/privacy_and_security_settings_model.dart
DA:7,0
DA:13,0
DA:16,0
DA:23,0
DA:24,0
DA:26,0
DA:31,0
DA:32,0
DA:33,0
DA:34,0
DA:35,0
DA:38,0
DA:39,0
DA:41,0
DA:42,0
DA:45,0
DA:46,0
DA:49,0
DA:51,0
DA:52,0
DA:55,0
DA:58,0
LF:22
LH:0
end_of_record
SF:lib/view_models/sign_in_model.dart
DA:12,1
DA:21,1
DA:26,1
DA:27,1
DA:29,1
DA:30,0
DA:31,0
DA:32,0
DA:34,0
DA:36,0
DA:44,0
DA:45,0
DA:48,1
DA:52,1
DA:54,1
DA:55,2
DA:57,0
DA:58,0
DA:60,0
DA:65,0
DA:67,0
DA:72,0
DA:76,0
DA:78,0
DA:79,0
DA:81,0
DA:82,0
DA:84,0
DA:85,0
DA:87,0
DA:90,0
DA:93,0
DA:95,0
DA:98,0
DA:104,0
DA:108,0
DA:109,0
DA:112,0
LF:38
LH:9
end_of_record
SF:lib/view_models/transaction_detail_screen_model.dart
DA:10,0
DA:18,0
DA:19,0
DA:22,0
DA:23,0
DA:24,0
DA:27,0
DA:28,0
DA:30,0
DA:32,0
DA:33,0
DA:34,0
DA:38,0
DA:39,0
DA:40,0
DA:45,0
DA:47,0
DA:49,0
DA:51,0
DA:52,0
DA:54,0
DA:55,0
DA:57,0
DA:60,0
DA:61,0
DA:63,0
DA:65,0
DA:66,0
DA:67,0
DA:69,0
DA:72,0
DA:74,0
DA:79,0
DA:82,0
LF:34
LH:0
end_of_record
SF:lib/widget_models/institution_card_model.dart
DA:12,0
DA:22,0
DA:24,0
DA:26,0
DA:27,0
DA:29,0
DA:30,0
DA:34,0
DA:36,0
DA:37,0
DA:38,0
DA:41,0
DA:42,0
DA:45,0
DA:46,0
DA:49,0
DA:51,0
DA:52,0
DA:55,0
DA:56,0
DA:58,0
DA:62,0
DA:67,0
DA:69,0
DA:75,0
DA:76,0
DA:78,0
DA:79,0
DA:83,0
DA:86,0
DA:87,0
DA:88,0
DA:92,0
DA:93,0
DA:95,0
DA:96,0
DA:100,0
DA:101,0
DA:103,0
DA:105,0
DA:107,0
LF:41
LH:0
end_of_record
SF:lib/widget_models/scan_receipt_bottom_sheet_model.dart
DA:20,0
DA:30,0
DA:31,0
DA:32,0
DA:33,0
DA:34,0
DA:35,0
DA:44,0
DA:45,0
DA:46,0
DA:49,0
DA:50,0
DA:52,0
DA:53,0
DA:54,0
DA:55,0
DA:57,0
DA:62,0
DA:63,0
DA:65,0
DA:66,0
DA:67,0
DA:68,0
DA:69,0
DA:70,0
DA:73,0
DA:78,0
DA:79,0
DA:80,0
DA:81,0
DA:84,0
DA:85,0
DA:86,0
DA:87,0
DA:89,0
DA:91,0
DA:93,0
DA:96,0
DA:101,0
DA:103,0
DA:106,0
DA:109,0
DA:111,0
DA:112,0
DA:113,0
DA:115,0
DA:117,0
DA:119,0
DA:122,0
DA:125,0
DA:127,0
DA:130,0
DA:136,0
DA:140,0
DA:143,0
DA:145,0
DA:146,0
DA:148,0
DA:150,0
DA:152,0
DA:159,0
DA:163,0
DA:164,0
DA:166,0
DA:170,0
DA:174,0
DA:176,0
DA:179,0
DA:181,0
DA:182,0
DA:185,0
DA:187,0
DA:189,0
DA:192,0
LF:74
LH:0
end_of_record
SF:lib/services/cloud_functions.dart
DA:15,0
DA:23,0
DA:24,0
DA:26,0
DA:27,0
DA:28,0
DA:33,0
DA:34,0
DA:39,0
DA:42,0
DA:44,0
DA:45,0
DA:46,0
DA:52,0
DA:53,0
DA:58,0
DA:62,0
DA:64,0
DA:65,0
DA:66,0
DA:73,0
DA:74,0
DA:79,0
DA:83,0
DA:85,0
DA:86,0
DA:87,0
DA:94,0
DA:95,0
DA:100,0
DA:101,0
DA:103,0
DA:104,0
DA:105,0
DA:106,0
DA:110,0
DA:112,0
DA:113,0
DA:114,0
DA:115,0
DA:117,0
DA:118,0
DA:119,0
DA:122,0
DA:130,0
DA:131,0
DA:134,0
DA:136,0
DA:137,0
DA:138,0
DA:142,0
DA:146,0
DA:150,0
DA:153,0
DA:155,0
DA:156,0
DA:157,0
DA:163,0
DA:165,0
DA:170,0
DA:171,0
DA:172,0
DA:173,0
DA:174,0
DA:179,0
DA:186,0
DA:192,0
DA:198,0
DA:204,0
DA:210,0
DA:216,0
DA:222,0
DA:228,0
LF:73
LH:0
end_of_record
SF:lib/services/firebase_auth_service.dart
DA:12,2
DA:17,3
DA:20,0
DA:26,1
DA:27,2
DA:28,0
DA:29,0
DA:31,0
DA:33,0
DA:35,0
DA:40,0
DA:41,0
DA:45,0
DA:47,0
DA:48,0
DA:49,0
DA:50,0
DA:53,0
DA:54,0
DA:55,0
DA:56,0
DA:58,0
DA:60,0
DA:62,0
DA:68,0
DA:78,0
DA:79,0
DA:82,0
DA:84,0
DA:86,0
DA:88,0
DA:90,0
DA:91,0
DA:93,0
LF:34
LH:4
end_of_record
SF:lib/services/database.dart
DA:14,0
DA:16,0
DA:17,0
DA:18,0
DA:20,0
DA:21,0
DA:22,0
DA:24,0
DA:26,0
DA:32,0
DA:41,0
DA:42,0
DA:43,0
DA:44,0
DA:48,0
DA:49,0
DA:51,0
DA:52,0
DA:56,0
DA:57,0
DA:58,0
DA:60,0
DA:61,0
DA:65,0
DA:66,0
DA:69,0
DA:70,0
DA:71,0
DA:72,0
DA:75,0
DA:79,0
DA:80,0
DA:82,0
DA:83,0
DA:87,0
DA:88,0
DA:89,0
DA:90,0
DA:91,0
DA:95,0
DA:96,0
DA:97,0
DA:98,0
DA:99,0
DA:106,0
DA:110,0
DA:111,0
DA:112,0
DA:113,0
DA:122,0
DA:123,0
DA:124,0
DA:125,0
DA:126,0
DA:134,0
DA:139,0
DA:140,0
DA:141,0
DA:142,0
DA:147,0
DA:148,0
DA:149,0
DA:150,0
DA:158,0
DA:159,0
DA:160,0
DA:161,0
DA:162,0
DA:168,0
DA:169,0
DA:170,0
DA:171,0
DA:172,0
DA:176,0
DA:177,0
DA:178,0
DA:179,0
DA:180,0
DA:184,0
DA:185,0
DA:186,0
DA:187,0
DA:188,0
DA:192,0
DA:197,0
DA:198,0
DA:199,0
DA:200,0
DA:206,0
DA:207,0
DA:208,0
DA:209,0
LF:92
LH:0
end_of_record
SF:lib/services/image_picker_service.dart
DA:11,0
DA:12,0
DA:15,0
DA:17,0
DA:21,0
LF:5
LH:0
end_of_record
SF:lib/services/local_authentication_service.dart
DA:10,0
DA:17,0
DA:21,0
DA:27,0
DA:28,0
DA:29,0
DA:31,0
DA:37,0
DA:38,0
DA:40,0
DA:41,0
DA:48,0
DA:49,0
DA:50,0
DA:55,0
DA:56,0
DA:59,0
DA:61,0
DA:64,0
DA:65,0
DA:66,0
DA:68,0
DA:69,0
DA:77,0
DA:78,0
DA:79,0
DA:82,0
LF:27
LH:0
end_of_record
SF:lib/services/shared_preference_service.dart
DA:9,0
DA:10,0
DA:13,0
DA:14,0
DA:15,0
DA:16,0
DA:17,0
DA:18,0
DA:19,0
DA:20,0
DA:21,0
DA:22,0
DA:24,0
DA:29,0
DA:30,0
DA:32,0
DA:33,0
DA:34,0
DA:35,0
DA:36,0
DA:37,0
DA:38,0
DA:39,0
DA:40,0
DA:41,0
DA:42,0
DA:44,0
DA:50,0
DA:51,0
DA:52,0
LF:30
LH:0
end_of_record
SF:lib/routes/adaptive_page_route.dart
DA:4,1
DA:15,2
DA:18,1
DA:19,0
DA:20,0
DA:21,0
DA:22,1
DA:32,0
DA:33,0
DA:34,0
LF:10
LH:4
end_of_record
SF:lib/routes/go_routes.dart
DA:42,2
DA:44,0
DA:46,0
DA:48,0
DA:58,2
DA:60,1
DA:62,1
DA:64,1
DA:73,3
DA:75,0
DA:77,0
DA:79,0
DA:88,2
DA:90,0
DA:92,0
DA:94,0
DA:103,2
DA:105,0
DA:107,0
DA:109,0
DA:118,0
DA:122,0
DA:124,0
DA:126,0
DA:129,0
DA:135,0
DA:143,0
DA:145,0
DA:147,0
DA:150,0
DA:151,0
DA:152,0
DA:159,2
DA:161,0
DA:163,0
DA:165,0
DA:174,0
DA:178,0
DA:180,0
DA:182,0
DA:185,0
DA:191,1
DA:195,0
DA:197,0
DA:199,0
DA:208,3
DA:210,0
DA:212,0
DA:214,0
DA:223,2
DA:225,0
DA:227,0
DA:229,0
LF:53
LH:12
end_of_record
SF:lib/routes/go_routes.g.dart
DA:9,2
DA:10,1
DA:11,1
DA:14,2
DA:17,1
DA:18,1
DA:22,1
DA:26,1
DA:29,1
DA:30,1
DA:36,1
DA:40,1
DA:44,1
DA:48,1
DA:52,1
DA:56,1
DA:64,0
DA:66,0
DA:70,0
DA:72,0
DA:76,0
DA:79,0
DA:83,0
DA:85,0
DA:89,0
DA:92,0
DA:96,0
DA:98,0
DA:102,0
DA:104,0
DA:108,0
DA:110,0
DA:114,0
DA:117,0
DA:121,0
DA:123,0
DA:127,0
DA:130,0
DA:134,0
DA:136,0
DA:140,0
DA:141,0
DA:142,0
DA:145,0
DA:146,0
DA:149,0
DA:151,0
DA:155,0
DA:156,0
DA:157,0
DA:158,0
DA:161,0
DA:162,0
DA:165,0
DA:167,0
DA:171,0
DA:174,0
DA:178,0
DA:180,0
DA:184,0
DA:185,0
DA:186,0
DA:189,0
DA:190,0
DA:193,0
DA:195,0
DA:199,0
DA:200,0
DA:203,0
DA:205,0
DA:206,0
DA:210,0
DA:212,0
DA:215,2
DA:221,1
DA:223,2
DA:227,0
DA:229,0
LF:78
LH:19
end_of_record
SF:lib/views/add_account/add_account_screen.dart
DA:11,1
DA:13,0
DA:14,0
DA:18,0
DA:20,0
DA:21,0
DA:23,0
DA:24,0
DA:25,0
DA:28,0
DA:30,0
DA:31,0
DA:33,0
DA:34,0
DA:39,0
DA:41,0
DA:53,0
DA:55,0
DA:57,0
DA:59,0
DA:60,0
DA:62,0
DA:65,0
DA:73,0
LF:24
LH:1
end_of_record
SF:lib/views/details/account_details_screen.dart
DA:22,0
DA:29,0
DA:30,0
DA:40,0
DA:42,0
DA:44,0
DA:45,0
DA:47,0
DA:48,0
DA:49,0
DA:50,0
DA:51,0
DA:52,0
DA:55,0
DA:57,0
DA:58,0
DA:59,0
DA:60,0
DA:61,0
DA:65,0
DA:67,0
DA:68,0
DA:69,0
DA:72,0
DA:74,0
DA:76,0
DA:78,0
DA:79,0
DA:82,0
DA:84,0
DA:85,0
DA:89,0
DA:90,0
DA:91,0
DA:94,0
DA:95,0
DA:96,0
DA:99,0
DA:100,0
DA:108,0
DA:109,0
DA:110,0
DA:111,0
DA:112,0
DA:116,0
DA:118,0
DA:119,0
DA:120,0
DA:121,0
DA:122,0
DA:123,0
DA:124,0
DA:129,0
DA:131,0
DA:132,0
DA:133,0
DA:134,0
DA:135,0
DA:136,0
DA:142,0
DA:143,0
DA:144,0
DA:145,0
DA:146,0
DA:147,0
DA:148,0
DA:149,0
DA:150,0
DA:151,0
DA:152,0
DA:156,0
DA:158,0
DA:160,0
DA:163,0
DA:164,0
DA:169,0
DA:174,0
DA:175,0
DA:176,0
DA:177,0
DA:178,0
DA:179,0
DA:185,0
DA:187,0
DA:188,0
DA:189,0
DA:190,0
DA:196,0
DA:198,0
DA:199,0
DA:210,0
DA:211,0
DA:212,0
DA:213,0
DA:216,0
LF:95
LH:0
end_of_record
SF:lib/views/details/choose_merchant_for_transaction.dart
DA:17,0
DA:26,0
DA:28,0
DA:33,0
DA:35,0
DA:37,0
DA:38,0
DA:41,0
DA:42,0
DA:45,0
DA:47,0
DA:48,0
DA:52,0
DA:53,0
DA:54,0
DA:56,0
DA:57,0
DA:58,0
DA:59,0
DA:60,0
DA:62,0
DA:63,0
DA:74,0
DA:76,0
DA:79,0
DA:87,0
DA:88,0
DA:98,0
DA:99,0
DA:106,0
DA:107,0
DA:108,0
DA:109,0
DA:112,0
DA:114,0
DA:116,0
DA:118,0
DA:119,0
DA:121,0
DA:124,0
DA:127,0
LF:41
LH:0
end_of_record
SF:lib/views/details/transaction_detail_screen.dart
DA:27,0
DA:34,0
DA:36,0
DA:40,0
DA:42,0
DA:44,0
DA:45,0
DA:47,0
DA:48,0
DA:49,0
DA:51,0
DA:56,0
DA:58,0
DA:60,0
DA:63,0
DA:64,0
DA:67,0
DA:68,0
DA:69,0
DA:75,0
DA:76,0
DA:77,0
DA:78,0
DA:81,0
DA:83,0
DA:85,0
DA:86,0
DA:87,0
DA:88,0
DA:89,0
DA:96,0
DA:97,0
DA:99,0
DA:100,0
DA:101,0
DA:105,0
DA:106,0
DA:114,0
DA:123,0
DA:124,0
DA:125,0
DA:127,0
DA:129,0
DA:130,0
DA:132,0
DA:134,0
DA:135,0
DA:136,0
DA:137,0
DA:146,0
DA:147,0
DA:148,0
DA:157,0
DA:158,0
DA:159,0
DA:168,0
DA:169,0
DA:170,0
DA:181,0
DA:194,0
DA:195,0
DA:198,0
DA:209,0
DA:210,0
DA:215,0
DA:216,0
DA:219,0
DA:220,0
DA:221,0
DA:227,0
DA:228,0
DA:229,0
DA:231,0
DA:244,0
DA:245,0
DA:249,0
DA:250,0
DA:251,0
DA:253,0
DA:258,0
DA:262,0
DA:263,0
DA:264,0
DA:268,0
DA:269,0
DA:270,0
DA:272,0
DA:276,0
DA:280,0
DA:282,0
DA:286,0
DA:304,0
DA:305,0
DA:309,0
DA:315,0
DA:316,0
DA:317,0
DA:321,0
DA:324,0
DA:335,0
DA:336,0
DA:337,0
DA:342,0
DA:343,0
DA:349,0
DA:350,0
DA:357,0
DA:358,0
DA:359,0
DA:362,0
DA:363,0
DA:372,0
DA:384,0
DA:385,0
DA:387,0
DA:388,0
DA:391,0
DA:392,0
DA:395,0
DA:396,0
DA:397,0
DA:398,0
DA:401,0
DA:403,0
DA:405,0
DA:407,0
DA:410,0
DA:416,0
DA:417,0
DA:420,0
DA:424,0
DA:457,0
DA:458,0
LF:133
LH:0
end_of_record
SF:lib/views/home/home_screen.dart
DA:22,1
DA:24,0
DA:25,0
DA:29,0
DA:30,0
DA:32,0
DA:34,0
DA:35,0
DA:45,0
DA:47,0
DA:49,0
DA:51,0
DA:55,0
DA:56,0
DA:57,0
DA:60,0
DA:61,0
DA:63,0
DA:65,0
DA:66,0
DA:67,0
DA:68,0
DA:69,0
DA:70,0
DA:71,0
DA:72,0
DA:73,0
DA:74,0
DA:75,0
DA:86,0
DA:91,0
DA:92,0
DA:94,0
DA:95,0
DA:96,0
DA:97,0
DA:98,0
DA:99,0
DA:100,0
DA:101,0
DA:110,0
DA:114,0
DA:115,0
DA:117,0
DA:118,0
DA:120,0
DA:122,0
DA:123,0
DA:124,0
DA:131,0
DA:132,0
DA:135,0
DA:137,0
DA:139,0
DA:140,0
DA:142,0
LF:56
LH:1
end_of_record
SF:lib/views/home/transactions_screen.dart
DA:10,1
DA:14,0
DA:16,0
DA:18,0
DA:19,0
DA:25,0
DA:26,0
DA:27,0
DA:29,0
DA:30,0
LF:10
LH:1
end_of_record
SF:lib/views/scan_receipt/scan_receipt_screen.dart
DA:14,1
DA:21,0
DA:22,0
DA:29,0
DA:31,0
DA:32,0
DA:35,0
DA:37,0
DA:39,0
DA:41,0
DA:44,0
DA:47,0
DA:48,0
DA:50,0
DA:66,0
DA:67,0
DA:68,0
DA:69,0
DA:70,0
DA:73,0
DA:76,0
DA:79,0
DA:82,0
DA:85,0
DA:86,0
DA:87,0
DA:96,0
DA:97,0
DA:99,0
DA:101,0
DA:105,0
DA:109,0
DA:110,0
DA:112,0
DA:114,0
DA:116,0
DA:117,0
DA:119,0
DA:121,0
DA:124,0
DA:125,0
DA:126,0
DA:128,0
DA:130,0
DA:131,0
DA:133,0
DA:134,0
DA:135,0
DA:138,0
DA:143,0
DA:146,0
DA:148,0
DA:149,0
DA:150,0
DA:152,0
LF:55
LH:1
end_of_record
SF:lib/views/settings/linked_accounts_screen.dart
DA:14,1
DA:16,0
DA:18,0
DA:20,0
DA:22,0
DA:23,0
DA:26,0
DA:27,0
DA:29,0
DA:30,0
DA:35,0
DA:41,0
DA:43,0
DA:44,0
DA:45,0
DA:46,0
DA:47,0
DA:48,0
DA:49,0
DA:50,0
DA:51,0
DA:53,0
DA:54,0
DA:55,0
DA:56,0
DA:62,0
DA:63,0
DA:70,0
DA:74,0
DA:75,0
LF:30
LH:1
end_of_record
SF:lib/views/settings/local_authenticate_screen.dart
DA:6,1
DA:8,0
DA:10,0
DA:15,0
DA:17,0
DA:18,0
DA:21,0
DA:23,0
DA:25,0
DA:26,0
DA:27,0
DA:28,0
DA:29,0
DA:30,0
DA:31,0
DA:32,0
DA:33,0
DA:34,0
DA:47,0
DA:49,0
DA:50,0
DA:51,0
LF:22
LH:1
end_of_record
SF:lib/views/settings/privacy_and_security_screen.dart
DA:6,1
DA:8,0
DA:10,0
DA:11,0
DA:12,0
LF:5
LH:1
end_of_record
SF:lib/views/settings/settings_screen.dart
DA:9,1
DA:11,0
DA:12,0
DA:16,0
DA:18,0
DA:20,0
DA:21,0
DA:24,0
DA:25,0
DA:26,0
DA:27,0
DA:30,0
DA:31,0
DA:34,0
DA:35,0
DA:36,0
DA:39,0
DA:50,0
DA:51,0
DA:52,0
DA:62,0
DA:64,0
DA:66,0
LF:23
LH:1
end_of_record
SF:lib/views/sign_in/sign_in_screen.dart
DA:10,1
DA:12,1
DA:13,1
DA:17,1
DA:19,3
DA:20,2
DA:22,1
DA:24,1
DA:25,1
DA:28,1
DA:30,1
DA:32,1
DA:34,2
DA:37,1
DA:42,1
DA:44,0
DA:45,1
DA:46,1
DA:47,1
DA:49,1
DA:61,1
DA:67,1
DA:69,1
DA:70,2
DA:73,1
DA:74,4
LF:26
LH:25
end_of_record
SF:lib/services/firestore_service.dart
DA:9,0
DA:10,0
DA:16,0
DA:21,0
DA:22,0
DA:23,0
DA:25,0
DA:27,0
DA:28,0
DA:34,0
DA:40,0
DA:41,0
DA:42,0
DA:45,0
DA:49,0
DA:55,0
DA:56,0
DA:57,0
DA:60,0
DA:64,0
DA:67,0
DA:68,0
DA:72,0
DA:77,0
DA:78,0
DA:79,0
DA:82,0
DA:84,0
DA:91,0
DA:99,0
DA:100,0
DA:101,0
DA:102,0
DA:103,0
DA:105,0
DA:107,0
DA:109,0
DA:111,0
DA:119,0
DA:139,0
DA:140,0
DA:141,0
DA:142,0
DA:143,0
DA:145,0
DA:159,0
DA:161,0
DA:163,0
DA:165,0
DA:169,0
DA:177,0
DA:178,0
DA:179,0
DA:180,0
DA:181,0
DA:183,0
DA:184,0
DA:189,0
DA:198,0
DA:199,0
DA:200,0
DA:201,0
DA:202,0
DA:204,0
DA:205,0
DA:206,0
LF:66
LH:0
end_of_record
SF:lib/styles/decorations.dart
DA:5,0
DA:6,0
DA:7,0
DA:8,0
DA:10,0
DA:11,0
DA:14,0
DA:15,0
DA:16,0
DA:78,0
DA:80,0
LF:11
LH:0
end_of_record
SF:lib/styles/themes.dart
DA:61,3
DA:62,1
LF:2
LH:2
end_of_record
SF:lib/widgets/show_adaptive_alert_dialog.dart
DA:9,0
DA:19,0
DA:21,0
DA:22,0
DA:23,0
DA:24,0
DA:26,0
DA:27,0
DA:33,0
DA:34,0
DA:35,0
DA:46,0
DA:47,0
DA:49,0
DA:50,0
DA:51,0
DA:52,0
DA:54,0
DA:55,0
DA:61,0
DA:62,0
DA:63,0
DA:73,0
DA:75,0
DA:76,0
DA:77,0
DA:78,0
DA:80,0
DA:81,0
DA:84,0
DA:86,0
DA:87,0
DA:90,0
LF:33
LH:0
end_of_record
SF:lib/widgets/button/elevated_button.dart
DA:4,0
DA:23,0
DA:34,0
DA:45,0
DA:58,0
DA:60,0
DA:62,0
DA:63,0
DA:64,0
DA:65,0
DA:66,0
DA:69,0
DA:70,0
DA:71,0
LF:14
LH:0
end_of_record
SF:lib/widgets/button/outlined_button.dart
DA:4,1
DA:24,1
DA:34,1
DA:46,1
DA:61,1
DA:63,1
DA:64,1
DA:65,1
DA:66,3
DA:68,1
DA:69,2
DA:72,1
DA:73,1
DA:74,2
LF:14
LH:14
end_of_record
SF:lib/widgets/button/text_button.dart
DA:4,1
DA:23,1
DA:35,1
DA:45,1
DA:50,1
DA:57,1
DA:59,1
DA:60,1
DA:61,1
DA:62,4
LF:10
LH:10
end_of_record
SF:lib/widgets/button/button.dart
DA:13,1
DA:30,3
DA:32,3
DA:124,1
DA:125,1
DA:133,0
DA:137,1
DA:138,3
DA:141,1
DA:143,1
DA:144,2
DA:146,2
DA:149,3
DA:150,3
DA:152,2
DA:153,1
DA:154,1
DA:155,2
DA:159,2
DA:160,1
DA:161,1
DA:162,2
DA:167,1
DA:169,2
DA:170,1
DA:173,1
DA:175,1
DA:176,2
DA:179,0
DA:180,0
DA:181,0
DA:183,0
DA:184,0
DA:185,0
DA:187,1
DA:189,1
DA:190,3
DA:191,2
DA:192,1
DA:194,1
DA:195,3
DA:196,2
DA:197,1
DA:199,0
DA:200,1
DA:201,0
DA:202,0
DA:203,0
DA:205,0
DA:206,0
DA:207,0
DA:208,0
DA:210,1
DA:211,2
DA:213,0
DA:214,0
DA:215,0
DA:216,0
DA:217,0
DA:218,1
DA:219,1
DA:220,1
DA:221,1
DA:222,2
DA:223,1
DA:224,2
DA:229,1
DA:230,2
DA:231,1
DA:232,2
DA:233,2
DA:234,2
LF:72
LH:52
end_of_record
SF:lib/widgets/button/icon_button.dart
DA:4,0
DA:19,0
DA:29,0
DA:40,0
DA:53,0
DA:55,0
DA:56,0
DA:57,0
DA:58,0
DA:59,0
DA:60,0
LF:11
LH:0
end_of_record
SF:lib/widgets/custom_adaptive_progress_indicator.dart
DA:4,4
DA:13,0
DA:15,0
DA:16,0
DA:17,0
DA:18,0
DA:20,0
LF:7
LH:1
end_of_record
SF:lib/widgets/account_circle_avatar.dart
DA:11,0
DA:22,0
DA:24,0
DA:26,0
DA:27,0
DA:28,0
DA:29,0
DA:30,0
DA:31,0
DA:32,0
DA:35,0
DA:37,0
DA:38,0
DA:39,0
DA:40,0
DA:41,0
DA:45,0
DA:47,0
DA:50,0
DA:51,0
DA:60,0
DA:61,0
DA:62,0
DA:63,0
DA:64,0
DA:66,0
DA:67,0
DA:72,0
DA:73,0
DA:74,0
DA:75,0
DA:77,0
DA:78,0
DA:79,0
DA:80,0
DA:81,0
DA:82,0
DA:84,0
DA:85,0
DA:92,0
DA:93,0
DA:94,0
DA:95,0
DA:100,0
DA:101,0
DA:102,0
DA:103,0
DA:104,0
DA:106,0
LF:49
LH:0
end_of_record
SF:lib/widgets/account_detail_bottom_sheet.dart
DA:12,0
DA:19,0
DA:21,0
DA:26,0
DA:28,0
DA:30,0
DA:32,0
DA:35,0
DA:36,0
DA:39,0
DA:40,0
DA:41,0
DA:43,0
DA:46,0
DA:48,0
DA:54,0
DA:64,0
DA:68,0
DA:70,0
DA:74,0
DA:76,0
DA:87,0
LF:22
LH:0
end_of_record
SF:lib/widgets/recent_transactions_card.dart
DA:12,0
DA:23,0
DA:25,0
DA:27,0
DA:28,0
DA:29,0
DA:31,0
DA:32,0
DA:33,0
DA:35,0
DA:36,0
DA:37,0
DA:48,0
DA:49,0
DA:50,0
DA:52,0
DA:54,0
DA:55,0
DA:56,0
DA:61,0
DA:62,0
DA:68,0
DA:69,0
DA:70,0
DA:72,0
DA:82,0
DA:86,0
DA:87,0
DA:88,0
DA:89,0
DA:96,0
LF:31
LH:0
end_of_record
SF:lib/widgets/merchant_list_tile.dart
DA:10,0
DA:19,0
DA:21,0
DA:22,0
DA:25,0
DA:28,0
DA:29,0
DA:30,0
DA:31,0
DA:32,0
LF:10
LH:0
end_of_record
SF:lib/widgets/paginated_custom_scroll_view.dart
DA:10,0
DA:40,0
DA:42,0
DA:52,0
DA:54,0
DA:55,0
DA:56,0
DA:57,0
DA:60,0
DA:62,0
DA:64,0
DA:66,0
DA:67,0
DA:68,0
DA:69,0
DA:71,0
DA:72,0
DA:73,0
DA:79,0
DA:81,0
DA:82,0
DA:85,0
DA:86,0
DA:87,0
DA:91,0
DA:92,0
DA:93,0
DA:94,0
DA:96,0
DA:99,0
DA:101,0
DA:102,0
DA:103,0
DA:105,0
DA:106,0
DA:108,0
DA:109,0
DA:112,0
DA:115,0
DA:117,0
DA:118,0
DA:120,0
DA:126,0
DA:127,0
DA:128,0
DA:130,0
DA:131,0
DA:134,0
DA:136,0
DA:138,0
DA:139,0
DA:140,0
DA:141,0
DA:142,0
DA:143,0
DA:144,0
DA:145,0
DA:146,0
DA:147,0
DA:148,0
DA:153,0
DA:156,0
DA:157,0
DA:158,0
DA:159,0
DA:161,0
DA:165,0
DA:166,0
DA:167,0
DA:168,0
DA:169,0
LF:71
LH:0
end_of_record
SF:lib/widgets/custom_future_builder.dart
DA:5,0
DA:24,0
DA:26,0
DA:27,0
DA:28,0
DA:29,0
DA:30,0
DA:31,0
DA:33,0
DA:34,0
DA:35,0
DA:36,0
DA:37,0
DA:38,0
DA:39,0
LF:15
LH:0
end_of_record
SF:lib/widgets/custom_stream_builder.dart
DA:5,0
DA:34,0
DA:36,0
DA:37,0
DA:38,0
DA:39,0
DA:40,0
DA:41,0
DA:43,0
DA:44,0
DA:45,0
DA:46,0
DA:47,0
DA:48,0
DA:49,0
LF:15
LH:0
end_of_record
SF:lib/widgets/scan_receipt/scan_receipt_bottom_sheet.dart
DA:17,0
DA:24,0
DA:26,0
DA:31,0
DA:33,0
DA:35,0
DA:37,0
DA:39,0
DA:40,0
DA:42,0
DA:43,0
DA:45,0
DA:47,0
DA:50,0
DA:56,0
DA:57,0
DA:58,0
DA:59,0
DA:61,0
DA:62,0
DA:63,0
DA:64,0
DA:65,0
DA:66,0
DA:67,0
DA:68,0
DA:69,0
DA:70,0
DA:71,0
DA:72,0
DA:77,0
DA:78,0
DA:80,0
DA:81,0
DA:82,0
DA:83,0
DA:85,0
DA:87,0
DA:88,0
DA:89,0
DA:91,0
DA:92,0
DA:93,0
DA:95,0
DA:96,0
DA:104,0
DA:105,0
DA:107,0
DA:108,0
DA:109,0
DA:111,0
DA:113,0
DA:115,0
DA:116,0
DA:121,0
DA:122,0
DA:124,0
DA:125,0
DA:127,0
DA:128,0
DA:129,0
DA:131,0
DA:133,0
DA:134,0
DA:135,0
DA:146,0
DA:147,0
DA:159,0
DA:160,0
DA:162,0
DA:163,0
DA:165,0
DA:166,0
DA:167,0
DA:168,0
DA:169,0
DA:170,0
DA:173,0
DA:175,0
DA:177,0
DA:179,0
DA:180,0
DA:181,0
LF:83
LH:0
end_of_record
SF:lib/widgets/show_adaptive_date_picker.dart
DA:5,0
DA:9,0
DA:12,0
DA:13,0
DA:20,0
DA:21,0
DA:23,0
LF:7
LH:0
end_of_record
SF:lib/widgets/transaction_mark_as_duplicate_list_tile.dart
DA:12,0
DA:19,0
DA:21,0
DA:28,0
DA:30,0
DA:31,0
DA:34,0
DA:36,0
DA:37,0
DA:40,0
DA:41,0
DA:42,0
DA:45,0
DA:47,0
DA:48,0
DA:49,0
DA:51,0
DA:52,0
DA:54,0
DA:58,0
DA:59,0
DA:61,0
DA:67,0
DA:69,0
DA:72,0
DA:73,0
DA:74,0
LF:27
LH:0
end_of_record
SF:lib/widgets/receipt_widget.dart
DA:8,0
DA:23,0
DA:25,0
DA:27,0
DA:28,0
DA:30,0
DA:32,0
DA:34,0
DA:35,0
DA:36,0
DA:37,0
DA:38,0
DA:39,0
DA:43,0
DA:44,0
DA:45,0
DA:47,0
DA:52,0
DA:53,0
DA:54,0
DA:55,0
DA:59,0
DA:61,0
DA:62,0
DA:63,0
DA:64,0
DA:65,0
DA:69,0
DA:72,0
DA:73,0
DA:74,0
DA:84,0
DA:90,0
DA:91,0
DA:94,0
DA:95,0
DA:96,0
DA:98,0
DA:100,0
DA:102,0
DA:104,0
DA:111,0
DA:112,0
DA:113,0
DA:116,0
LF:45
LH:0
end_of_record
SF:lib/widgets/transaction_detail_title.dart
DA:5,0
DA:12,0
DA:14,0
DA:15,0
DA:17,0
DA:18,0
DA:19,0
DA:20,0
DA:25,0
LF:9
LH:0
end_of_record
SF:lib/widgets/accounts_card.dart
DA:11,0
DA:18,0
DA:20,0
DA:22,0
DA:27,0
DA:30,0
DA:31,0
DA:34,0
DA:36,0
DA:37,0
DA:38,0
DA:40,0
DA:41,0
DA:49,0
DA:50,0
DA:51,0
DA:52,0
DA:53,0
DA:54,0
DA:56,0
DA:58,0
DA:59,0
DA:61,0
DA:62,0
DA:63,0
DA:69,0
DA:95,0
DA:96,0
DA:97,0
DA:98,0
DA:99,0
DA:100,0
DA:101,0
DA:104,0
DA:105,0
DA:110,0
DA:111,0
DA:112,0
LF:38
LH:0
end_of_record
SF:lib/widgets/home_flexible_space_bar.dart
DA:6,1
DA:8,0
DA:10,0
DA:14,0
DA:16,0
DA:18,0
DA:19,0
DA:21,0
DA:22,0
DA:27,0
DA:28,0
DA:29,0
DA:30,0
DA:34,0
DA:35,0
LF:15
LH:1
end_of_record
SF:lib/widgets/transaction_list_tile.dart
DA:10,0
DA:23,0
DA:25,0
DA:26,0
DA:32,0
DA:33,0
DA:35,0
DA:39,0
DA:41,0
DA:43,0
DA:44,0
DA:45,0
DA:48,0
DA:49,0
DA:51,0
DA:58,0
DA:60,0
DA:61,0
DA:68,0
DA:71,0
DA:73,0
DA:74,0
DA:76,0
DA:80,0
DA:81,0
DA:82,0
DA:85,0
DA:87,0
DA:88,0
DA:89,0
DA:90,0
DA:94,0
DA:95,0
DA:96,0
DA:103,0
DA:106,0
DA:108,0
DA:111,0
DA:112,0
DA:113,0
DA:114,0
DA:115,0
LF:42
LH:0
end_of_record
SF:lib/widgets/institution_card.dart
DA:19,0
DA:28,0
DA:30,0
DA:34,0
DA:36,0
DA:38,0
DA:40,0
DA:41,0
DA:42,0
DA:45,0
DA:47,0
DA:48,0
DA:49,0
DA:50,0
DA:53,0
DA:54,0
DA:56,0
DA:57,0
DA:59,0
DA:60,0
DA:61,0
DA:63,0
DA:64,0
DA:65,0
DA:69,0
DA:70,0
DA:71,0
DA:74,0
DA:75,0
DA:76,0
DA:77,0
DA:80,0
DA:82,0
DA:83,0
DA:93,0
DA:95,0
DA:98,0
DA:99,0
DA:117,0
DA:119,0
DA:121,0
DA:122,0
DA:127,0
DA:128,0
DA:129,0
DA:136,0
DA:137,0
DA:139,0
DA:141,0
DA:143,0
DA:144,0
DA:146,0
DA:149,0
DA:157,0
DA:161,0
DA:162,0
DA:163,0
DA:167,0
DA:168,0
DA:169,0
DA:170,0
DA:173,0
LF:62
LH:0
end_of_record
SF:lib/widgets/show_error_widget.dart
DA:4,1
DA:11,0
DA:13,0
DA:15,0
DA:17,0
DA:18,0
DA:21,0
DA:26,0
LF:8
LH:1
end_of_record
SF:lib/widgets/local_authentication_list_tile.dart
DA:11,1
DA:13,0
DA:15,0
DA:17,0
DA:19,0
DA:20,0
DA:21,0
DA:23,0
DA:24,0
DA:25,0
DA:26,0
LF:11
LH:1
end_of_record
SF:lib/widgets/bottom_sheet_card.dart
DA:5,0
DA:9,0
DA:11,0
DA:13,0
DA:18,0
DA:19,0
LF:6
LH:0
end_of_record
SF:lib/widgets/account_list_tile.dart
DA:16,0
DA:23,0
DA:25,0
DA:27,0
DA:28,0
DA:29,0
DA:34,0
DA:35,0
DA:36,0
DA:38,0
DA:40,0
DA:41,0
DA:45,0
DA:46,0
DA:49,0
DA:53,0
DA:54,0
LF:17
LH:0
end_of_record
SF:lib/widgets/account_list_tile_compact.dart
DA:8,0
DA:17,0
DA:19,0
DA:21,0
DA:22,0
DA:24,0
DA:26,0
DA:28,0
DA:29,0
DA:30,0
DA:31,0
LF:11
LH:0
end_of_record
SF:lib/widgets/accounts_expansion_tile.dart
DA:7,0
DA:16,0
DA:18,0
DA:19,0
DA:25,0
DA:26,0
DA:27,0
DA:31,0
DA:32,0
DA:33,0
DA:35,0
LF:11
LH:0
end_of_record
SF:lib/widgets/add_account_button.dart
DA:6,1
DA:8,0
DA:10,0
DA:11,0
DA:12,0
LF:5
LH:1
end_of_record
SF:lib/widgets/show_custom_action_sheet.dart
DA:5,0
DA:14,0
DA:15,0
DA:16,0
DA:17,0
DA:19,0
DA:21,0
DA:22,0
DA:23,0
DA:25,0
DA:26,0
DA:28,0
DA:30,0
DA:31,0
DA:32,0
DA:34,0
DA:36,0
DA:37,0
DA:38,0
DA:39,0
DA:45,0
DA:47,0
LF:22
LH:0
end_of_record
SF:lib/widgets/local_authentication_switch.dart
DA:6,1
DA:8,0
DA:10,0
DA:15,0
DA:17,0
DA:18,0
DA:21,0
DA:23,0
DA:25,0
DA:26,0
DA:27,0
LF:11
LH:1
end_of_record
SF:lib/widgets/scan_receipt/check_items_widget.dart
DA:10,0
DA:14,0
DA:16,0
DA:18,0
DA:19,0
DA:21,0
DA:30,0
DA:31,0
DA:32,0
DA:33,0
DA:35,0
DA:36,0
DA:38,0
DA:42,0
DA:43,0
DA:44,0
DA:46,0
LF:17
LH:0
end_of_record
SF:lib/widgets/scan_receipt/transaction_item_listtile.dart
DA:10,0
DA:19,0
DA:21,0
DA:28,0
DA:30,0
DA:31,0
DA:34,0
DA:36,0
DA:37,0
DA:40,0
DA:42,0
DA:44,0
DA:47,0
DA:51,0
DA:52,0
DA:53,0
DA:56,0
DA:58,0
DA:59,0
DA:60,0
DA:61,0
DA:62,0
DA:65,0
DA:68,0
DA:69,0
DA:70,0
DA:71,0
DA:75,0
DA:83,0
DA:84,0
DA:86,0
DA:87,0
DA:91,0
DA:92,0
DA:97,0
DA:98,0
DA:99,0
DA:100,0
LF:38
LH:0
end_of_record
SF:lib/widgets/scan_receipt/transaction_subtotal_item_list_tile.dart
DA:9,1
DA:11,0
DA:13,0
DA:15,0
DA:16,0
DA:21,0
DA:23,0
DA:25,0
DA:33,0
DA:34,0
DA:35,0
DA:37,0
LF:12
LH:1
end_of_record
SF:lib/widgets/scan_receipt/choose_image_to_scan_widget.dart
DA:8,1
DA:17,0
DA:19,0
DA:21,0
DA:22,0
DA:23,0
DA:24,0
DA:26,0
DA:28,0
DA:29,0
DA:30,0
DA:31,0
DA:35,0
DA:36,0
DA:37,0
DA:38,0
LF:16
LH:1
end_of_record
SF:lib/widgets/scan_receipt/match_transaction_with_items_widget.dart
DA:12,1
DA:16,0
DA:18,0
DA:19,0
DA:20,0
DA:22,0
DA:23,0
DA:24,0
DA:28,0
DA:29,0
DA:30,0
DA:31,0
DA:34,0
DA:41,0
DA:43,0
DA:47,0
DA:48,0
DA:49,0
DA:51,0
DA:52,0
DA:55,0
DA:56,0
DA:57,0
DA:63,0
DA:68,0
DA:69,0
DA:80,0
DA:82,0
DA:84,0
DA:85,0
DA:86,0
LF:31
LH:1
end_of_record
